2020-12-22 09:31:15.003 febs [main] INFO  cc.mrbird.febs.FebsApplication - Starting FebsApplication on DESKTOP-PGNP2U7 with PID 2008 (C:\Users\shinelon\Desktop\FEBS-Vue-Fix-master\backend\target\classes started by MS08-067 in C:\Users\shinelon\Desktop\FEBS-Vue-Fix-master\backend)
2020-12-22 09:31:15.005 febs [main] INFO  cc.mrbird.febs.FebsApplication - No active profile set, falling back to default profiles: default
2020-12-22 09:31:16.743 febs [main] INFO  o.s.d.r.c.RepositoryConfigurationDelegate - Multiple Spring Data modules found, entering strict repository configuration mode!
2020-12-22 09:31:16.745 febs [main] INFO  o.s.d.r.c.RepositoryConfigurationDelegate - Bootstrapping Spring Data repositories in DEFAULT mode.
2020-12-22 09:31:16.802 febs [main] INFO  o.s.d.r.c.RepositoryConfigurationDelegate - Finished Spring Data repository scanning in 43ms. Found 0 repository interfaces.
2020-12-22 09:31:17.121 febs [main] INFO  o.s.c.s.PostProcessorRegistrationDelegate$BeanPostProcessorChecker - Bean 'asyncExecutorPoolConfig' of type [cc.mrbird.febs.common.config.AsyncExecutorPoolConfig$$EnhancerBySpringCGLIB$$31e7b3b1] is not eligible for getting processed by all BeanPostProcessors (for example: not eligible for auto-proxying)
2020-12-22 09:31:17.227 febs [main] INFO  o.s.c.s.PostProcessorRegistrationDelegate$BeanPostProcessorChecker - Bean 'spring.datasource.dynamic-com.baomidou.dynamic.datasource.spring.boot.autoconfigure.DynamicDataSourceProperties' of type [com.baomidou.dynamic.datasource.spring.boot.autoconfigure.DynamicDataSourceProperties] is not eligible for getting processed by all BeanPostProcessors (for example: not eligible for auto-proxying)
2020-12-22 09:31:17.314 febs [main] INFO  o.s.c.s.PostProcessorRegistrationDelegate$BeanPostProcessorChecker - Bean 'com.baomidou.dynamic.datasource.spring.boot.autoconfigure.DynamicDataSourceAutoConfiguration' of type [com.baomidou.dynamic.datasource.spring.boot.autoconfigure.DynamicDataSourceAutoConfiguration$$EnhancerBySpringCGLIB$$c36ff55] is not eligible for getting processed by all BeanPostProcessors (for example: not eligible for auto-proxying)
2020-12-22 09:31:17.321 febs [main] INFO  o.s.c.s.PostProcessorRegistrationDelegate$BeanPostProcessorChecker - Bean 'dsProcessor' of type [com.baomidou.dynamic.datasource.processor.DsHeaderProcessor] is not eligible for getting processed by all BeanPostProcessors (for example: not eligible for auto-proxying)
2020-12-22 09:31:17.323 febs [main] INFO  o.s.c.s.PostProcessorRegistrationDelegate$BeanPostProcessorChecker - Bean 'dynamicDatasourceAnnotationAdvisor' of type [com.baomidou.dynamic.datasource.aop.DynamicDataSourceAnnotationAdvisor] is not eligible for getting processed by all BeanPostProcessors (for example: not eligible for auto-proxying)
2020-12-22 09:31:17.330 febs [main] INFO  o.s.c.s.PostProcessorRegistrationDelegate$BeanPostProcessorChecker - Bean 'org.springframework.transaction.annotation.ProxyTransactionManagementConfiguration' of type [org.springframework.transaction.annotation.ProxyTransactionManagementConfiguration$$EnhancerBySpringCGLIB$$a2a88e84] is not eligible for getting processed by all BeanPostProcessors (for example: not eligible for auto-proxying)
2020-12-22 09:31:17.343 febs [main] INFO  o.s.c.s.PostProcessorRegistrationDelegate$BeanPostProcessorChecker - Bean 'shiroConfig' of type [cc.mrbird.febs.common.authentication.ShiroConfig$$EnhancerBySpringCGLIB$$e28902d] is not eligible for getting processed by all BeanPostProcessors (for example: not eligible for auto-proxying)
2020-12-22 09:31:18.088 febs [main] INFO  o.s.c.s.PostProcessorRegistrationDelegate$BeanPostProcessorChecker - Bean 'redisConfig' of type [cc.mrbird.febs.common.config.RedisConfig$$EnhancerBySpringCGLIB$$6ed4781] is not eligible for getting processed by all BeanPostProcessors (for example: not eligible for auto-proxying)
2020-12-22 09:31:18.136 febs [main] INFO  o.s.c.s.PostProcessorRegistrationDelegate$BeanPostProcessorChecker - Bean 'redisPoolFactory' of type [redis.clients.jedis.JedisPool] is not eligible for getting processed by all BeanPostProcessors (for example: not eligible for auto-proxying)
2020-12-22 09:31:18.139 febs [main] INFO  o.s.c.s.PostProcessorRegistrationDelegate$BeanPostProcessorChecker - Bean 'redisService' of type [cc.mrbird.febs.common.service.impl.RedisServiceImpl] is not eligible for getting processed by all BeanPostProcessors (for example: not eligible for auto-proxying)
2020-12-22 09:31:18.231 febs [main] INFO  o.s.c.s.PostProcessorRegistrationDelegate$BeanPostProcessorChecker - Bean 'mybatis-plus-com.baomidou.mybatisplus.autoconfigure.MybatisPlusProperties' of type [com.baomidou.mybatisplus.autoconfigure.MybatisPlusProperties] is not eligible for getting processed by all BeanPostProcessors (for example: not eligible for auto-proxying)
2020-12-22 09:31:18.237 febs [main] INFO  o.s.c.s.PostProcessorRegistrationDelegate$BeanPostProcessorChecker - Bean 'mybatisPlusConfig' of type [cc.mrbird.febs.common.config.MybatisPlusConfig$$EnhancerBySpringCGLIB$$f42fea93] is not eligible for getting processed by all BeanPostProcessors (for example: not eligible for auto-proxying)
2020-12-22 09:31:18.240 febs [main] INFO  o.s.c.s.PostProcessorRegistrationDelegate$BeanPostProcessorChecker - Bean 'paginationInterceptor' of type [cc.mrbird.febs.common.interceptor.PaginationInterceptorImpl] is not eligible for getting processed by all BeanPostProcessors (for example: not eligible for auto-proxying)
2020-12-22 09:31:18.251 febs [main] INFO  o.s.c.s.PostProcessorRegistrationDelegate$BeanPostProcessorChecker - Bean 'com.baomidou.mybatisplus.autoconfigure.MybatisPlusAutoConfiguration' of type [com.baomidou.mybatisplus.autoconfigure.MybatisPlusAutoConfiguration$$EnhancerBySpringCGLIB$$e070fb1e] is not eligible for getting processed by all BeanPostProcessors (for example: not eligible for auto-proxying)
2020-12-22 09:31:18.259 febs [main] INFO  o.s.c.s.PostProcessorRegistrationDelegate$BeanPostProcessorChecker - Bean 'dynamicDataSourceCreator' of type [com.baomidou.dynamic.datasource.DynamicDataSourceCreator] is not eligible for getting processed by all BeanPostProcessors (for example: not eligible for auto-proxying)
2020-12-22 09:31:18.261 febs [main] INFO  o.s.c.s.PostProcessorRegistrationDelegate$BeanPostProcessorChecker - Bean 'dynamicDataSourceProvider' of type [com.baomidou.dynamic.datasource.provider.YmlDynamicDataSourceProvider] is not eligible for getting processed by all BeanPostProcessors (for example: not eligible for auto-proxying)
2020-12-22 09:31:18.264 febs [main] INFO  c.b.d.d.DynamicRoutingDataSource - dynamic-datasource detect P6SPY plugin and enabled it
2020-12-22 09:31:18.297 febs [main] INFO  com.zaxxer.hikari.HikariDataSource - primary - Starting...
2020-12-22 09:31:21.420 febs [main] INFO  o.s.b.a.l.ConditionEvaluationReportLoggingListener - 

Error starting ApplicationContext. To display the conditions report re-run your application with 'debug' enabled.
2020-12-22 09:33:14.585 febs [main] INFO  cc.mrbird.febs.FebsApplication - Starting FebsApplication on DESKTOP-PGNP2U7 with PID 3520 (C:\Users\shinelon\Desktop\FEBS-Vue-Fix-master\backend\target\classes started by MS08-067 in C:\Users\shinelon\Desktop\FEBS-Vue-Fix-master\backend)
2020-12-22 09:33:14.587 febs [main] INFO  cc.mrbird.febs.FebsApplication - No active profile set, falling back to default profiles: default
2020-12-22 09:33:15.449 febs [main] INFO  o.s.d.r.c.RepositoryConfigurationDelegate - Multiple Spring Data modules found, entering strict repository configuration mode!
2020-12-22 09:33:15.450 febs [main] INFO  o.s.d.r.c.RepositoryConfigurationDelegate - Bootstrapping Spring Data repositories in DEFAULT mode.
2020-12-22 09:33:15.501 febs [main] INFO  o.s.d.r.c.RepositoryConfigurationDelegate - Finished Spring Data repository scanning in 42ms. Found 0 repository interfaces.
2020-12-22 09:33:15.735 febs [main] INFO  o.s.c.s.PostProcessorRegistrationDelegate$BeanPostProcessorChecker - Bean 'asyncExecutorPoolConfig' of type [cc.mrbird.febs.common.config.AsyncExecutorPoolConfig$$EnhancerBySpringCGLIB$$8402cda8] is not eligible for getting processed by all BeanPostProcessors (for example: not eligible for auto-proxying)
2020-12-22 09:33:15.826 febs [main] INFO  o.s.c.s.PostProcessorRegistrationDelegate$BeanPostProcessorChecker - Bean 'spring.datasource.dynamic-com.baomidou.dynamic.datasource.spring.boot.autoconfigure.DynamicDataSourceProperties' of type [com.baomidou.dynamic.datasource.spring.boot.autoconfigure.DynamicDataSourceProperties] is not eligible for getting processed by all BeanPostProcessors (for example: not eligible for auto-proxying)
2020-12-22 09:33:15.892 febs [main] INFO  o.s.c.s.PostProcessorRegistrationDelegate$BeanPostProcessorChecker - Bean 'com.baomidou.dynamic.datasource.spring.boot.autoconfigure.DynamicDataSourceAutoConfiguration' of type [com.baomidou.dynamic.datasource.spring.boot.autoconfigure.DynamicDataSourceAutoConfiguration$$EnhancerBySpringCGLIB$$5e52194c] is not eligible for getting processed by all BeanPostProcessors (for example: not eligible for auto-proxying)
2020-12-22 09:33:15.898 febs [main] INFO  o.s.c.s.PostProcessorRegistrationDelegate$BeanPostProcessorChecker - Bean 'dsProcessor' of type [com.baomidou.dynamic.datasource.processor.DsHeaderProcessor] is not eligible for getting processed by all BeanPostProcessors (for example: not eligible for auto-proxying)
2020-12-22 09:33:15.900 febs [main] INFO  o.s.c.s.PostProcessorRegistrationDelegate$BeanPostProcessorChecker - Bean 'dynamicDatasourceAnnotationAdvisor' of type [com.baomidou.dynamic.datasource.aop.DynamicDataSourceAnnotationAdvisor] is not eligible for getting processed by all BeanPostProcessors (for example: not eligible for auto-proxying)
2020-12-22 09:33:15.907 febs [main] INFO  o.s.c.s.PostProcessorRegistrationDelegate$BeanPostProcessorChecker - Bean 'org.springframework.transaction.annotation.ProxyTransactionManagementConfiguration' of type [org.springframework.transaction.annotation.ProxyTransactionManagementConfiguration$$EnhancerBySpringCGLIB$$f4c3a87b] is not eligible for getting processed by all BeanPostProcessors (for example: not eligible for auto-proxying)
2020-12-22 09:33:15.918 febs [main] INFO  o.s.c.s.PostProcessorRegistrationDelegate$BeanPostProcessorChecker - Bean 'shiroConfig' of type [cc.mrbird.febs.common.authentication.ShiroConfig$$EnhancerBySpringCGLIB$$6043aa24] is not eligible for getting processed by all BeanPostProcessors (for example: not eligible for auto-proxying)
2020-12-22 09:33:16.621 febs [main] INFO  o.s.c.s.PostProcessorRegistrationDelegate$BeanPostProcessorChecker - Bean 'redisConfig' of type [cc.mrbird.febs.common.config.RedisConfig$$EnhancerBySpringCGLIB$$59086178] is not eligible for getting processed by all BeanPostProcessors (for example: not eligible for auto-proxying)
2020-12-22 09:33:16.635 febs [main] INFO  o.s.c.s.PostProcessorRegistrationDelegate$BeanPostProcessorChecker - Bean 'redisPoolFactory' of type [redis.clients.jedis.JedisPool] is not eligible for getting processed by all BeanPostProcessors (for example: not eligible for auto-proxying)
2020-12-22 09:33:16.638 febs [main] INFO  o.s.c.s.PostProcessorRegistrationDelegate$BeanPostProcessorChecker - Bean 'redisService' of type [cc.mrbird.febs.common.service.impl.RedisServiceImpl] is not eligible for getting processed by all BeanPostProcessors (for example: not eligible for auto-proxying)
2020-12-22 09:33:16.685 febs [main] INFO  o.s.c.s.PostProcessorRegistrationDelegate$BeanPostProcessorChecker - Bean 'mybatis-plus-com.baomidou.mybatisplus.autoconfigure.MybatisPlusProperties' of type [com.baomidou.mybatisplus.autoconfigure.MybatisPlusProperties] is not eligible for getting processed by all BeanPostProcessors (for example: not eligible for auto-proxying)
2020-12-22 09:33:16.691 febs [main] INFO  o.s.c.s.PostProcessorRegistrationDelegate$BeanPostProcessorChecker - Bean 'mybatisPlusConfig' of type [cc.mrbird.febs.common.config.MybatisPlusConfig$$EnhancerBySpringCGLIB$$464b048a] is not eligible for getting processed by all BeanPostProcessors (for example: not eligible for auto-proxying)
2020-12-22 09:33:16.695 febs [main] INFO  o.s.c.s.PostProcessorRegistrationDelegate$BeanPostProcessorChecker - Bean 'paginationInterceptor' of type [cc.mrbird.febs.common.interceptor.PaginationInterceptorImpl] is not eligible for getting processed by all BeanPostProcessors (for example: not eligible for auto-proxying)
2020-12-22 09:33:16.706 febs [main] INFO  o.s.c.s.PostProcessorRegistrationDelegate$BeanPostProcessorChecker - Bean 'com.baomidou.mybatisplus.autoconfigure.MybatisPlusAutoConfiguration' of type [com.baomidou.mybatisplus.autoconfigure.MybatisPlusAutoConfiguration$$EnhancerBySpringCGLIB$$328c1515] is not eligible for getting processed by all BeanPostProcessors (for example: not eligible for auto-proxying)
2020-12-22 09:33:16.715 febs [main] INFO  o.s.c.s.PostProcessorRegistrationDelegate$BeanPostProcessorChecker - Bean 'dynamicDataSourceCreator' of type [com.baomidou.dynamic.datasource.DynamicDataSourceCreator] is not eligible for getting processed by all BeanPostProcessors (for example: not eligible for auto-proxying)
2020-12-22 09:33:16.715 febs [main] INFO  o.s.c.s.PostProcessorRegistrationDelegate$BeanPostProcessorChecker - Bean 'dynamicDataSourceProvider' of type [com.baomidou.dynamic.datasource.provider.YmlDynamicDataSourceProvider] is not eligible for getting processed by all BeanPostProcessors (for example: not eligible for auto-proxying)
2020-12-22 09:33:16.717 febs [main] INFO  c.b.d.d.DynamicRoutingDataSource - dynamic-datasource detect P6SPY plugin and enabled it
2020-12-22 09:33:16.722 febs [main] INFO  com.zaxxer.hikari.HikariDataSource - primary - Starting...
2020-12-22 09:33:17.055 febs [main] INFO  com.zaxxer.hikari.HikariDataSource - primary - Start completed.
2020-12-22 09:33:17.055 febs [main] INFO  c.b.d.d.DynamicRoutingDataSource - dynamic-datasource - load a datasource named [primary] success
2020-12-22 09:33:17.055 febs [main] INFO  c.b.d.d.DynamicRoutingDataSource - dynamic-datasource initial loaded [1] datasource,primary datasource named [primary]
2020-12-22 09:33:17.055 febs [main] INFO  o.s.c.s.PostProcessorRegistrationDelegate$BeanPostProcessorChecker - Bean 'dataSource' of type [com.baomidou.dynamic.datasource.DynamicRoutingDataSource] is not eligible for getting processed by all BeanPostProcessors (for example: not eligible for auto-proxying)
2020-12-22 09:33:17.065 febs [main] INFO  o.s.c.s.PostProcessorRegistrationDelegate$BeanPostProcessorChecker - Bean 'spring.datasource-org.springframework.boot.autoconfigure.jdbc.DataSourceProperties' of type [org.springframework.boot.autoconfigure.jdbc.DataSourceProperties] is not eligible for getting processed by all BeanPostProcessors (for example: not eligible for auto-proxying)
2020-12-22 09:33:17.071 febs [main] INFO  o.s.c.s.PostProcessorRegistrationDelegate$BeanPostProcessorChecker - Bean 'org.springframework.boot.autoconfigure.jdbc.DataSourceInitializerInvoker' of type [org.springframework.boot.autoconfigure.jdbc.DataSourceInitializerInvoker] is not eligible for getting processed by all BeanPostProcessors (for example: not eligible for auto-proxying)
2020-12-22 09:33:17.544 febs [main] INFO  o.s.c.s.PostProcessorRegistrationDelegate$BeanPostProcessorChecker - Bean 'sqlSessionFactory' of type [org.apache.ibatis.session.defaults.DefaultSqlSessionFactory] is not eligible for getting processed by all BeanPostProcessors (for example: not eligible for auto-proxying)
2020-12-22 09:33:17.549 febs [main] INFO  o.s.c.s.PostProcessorRegistrationDelegate$BeanPostProcessorChecker - Bean 'sqlSessionTemplate' of type [org.mybatis.spring.SqlSessionTemplate] is not eligible for getting processed by all BeanPostProcessors (for example: not eligible for auto-proxying)
2020-12-22 09:33:17.552 febs [main] INFO  o.s.c.s.PostProcessorRegistrationDelegate$BeanPostProcessorChecker - Bean 'roleMapper' of type [org.mybatis.spring.mapper.MapperFactoryBean] is not eligible for getting processed by all BeanPostProcessors (for example: not eligible for auto-proxying)
2020-12-22 09:33:17.554 febs [main] INFO  o.s.c.s.PostProcessorRegistrationDelegate$BeanPostProcessorChecker - Bean 'roleMapper' of type [com.sun.proxy.$Proxy112] is not eligible for getting processed by all BeanPostProcessors (for example: not eligible for auto-proxying)
2020-12-22 09:33:17.577 febs [main] INFO  o.s.c.s.PostProcessorRegistrationDelegate$BeanPostProcessorChecker - Bean 'roleMenuMapper' of type [org.mybatis.spring.mapper.MapperFactoryBean] is not eligible for getting processed by all BeanPostProcessors (for example: not eligible for auto-proxying)
2020-12-22 09:33:17.578 febs [main] INFO  o.s.c.s.PostProcessorRegistrationDelegate$BeanPostProcessorChecker - Bean 'roleMenuMapper' of type [com.sun.proxy.$Proxy114] is not eligible for getting processed by all BeanPostProcessors (for example: not eligible for auto-proxying)
2020-12-22 09:33:17.584 febs [main] INFO  o.s.c.s.PostProcessorRegistrationDelegate$BeanPostProcessorChecker - Bean 'userRoleMapper' of type [org.mybatis.spring.mapper.MapperFactoryBean] is not eligible for getting processed by all BeanPostProcessors (for example: not eligible for auto-proxying)
2020-12-22 09:33:17.585 febs [main] INFO  o.s.c.s.PostProcessorRegistrationDelegate$BeanPostProcessorChecker - Bean 'userRoleMapper' of type [com.sun.proxy.$Proxy115] is not eligible for getting processed by all BeanPostProcessors (for example: not eligible for auto-proxying)
2020-12-22 09:33:17.586 febs [main] INFO  o.s.c.s.PostProcessorRegistrationDelegate$BeanPostProcessorChecker - Bean 'userRoleService' of type [cc.mrbird.febs.system.service.impl.UserRoleServiceImpl] is not eligible for getting processed by all BeanPostProcessors (for example: not eligible for auto-proxying)
2020-12-22 09:33:17.673 febs [main] INFO  o.s.c.s.PostProcessorRegistrationDelegate$BeanPostProcessorChecker - Bean 'roleMenuService' of type [cc.mrbird.febs.system.service.impl.RoleMenuServiceImpl] is not eligible for getting processed by all BeanPostProcessors (for example: not eligible for auto-proxying)
2020-12-22 09:33:17.691 febs [main] INFO  o.s.c.s.PostProcessorRegistrationDelegate$BeanPostProcessorChecker - Bean 'roleService' of type [cc.mrbird.febs.system.service.impl.RoleServiceImpl] is not eligible for getting processed by all BeanPostProcessors (for example: not eligible for auto-proxying)
2020-12-22 09:33:17.711 febs [main] INFO  o.s.c.s.PostProcessorRegistrationDelegate$BeanPostProcessorChecker - Bean 'menuMapper' of type [org.mybatis.spring.mapper.MapperFactoryBean] is not eligible for getting processed by all BeanPostProcessors (for example: not eligible for auto-proxying)
2020-12-22 09:33:17.712 febs [main] INFO  o.s.c.s.PostProcessorRegistrationDelegate$BeanPostProcessorChecker - Bean 'menuMapper' of type [com.sun.proxy.$Proxy119] is not eligible for getting processed by all BeanPostProcessors (for example: not eligible for auto-proxying)
2020-12-22 09:33:17.714 febs [main] INFO  o.s.c.s.PostProcessorRegistrationDelegate$BeanPostProcessorChecker - Bean 'menuService' of type [cc.mrbird.febs.system.service.impl.MenuServiceImpl] is not eligible for getting processed by all BeanPostProcessors (for example: not eligible for auto-proxying)
2020-12-22 09:33:17.733 febs [main] INFO  o.s.c.s.PostProcessorRegistrationDelegate$BeanPostProcessorChecker - Bean 'userMapper' of type [org.mybatis.spring.mapper.MapperFactoryBean] is not eligible for getting processed by all BeanPostProcessors (for example: not eligible for auto-proxying)
2020-12-22 09:33:17.734 febs [main] INFO  o.s.c.s.PostProcessorRegistrationDelegate$BeanPostProcessorChecker - Bean 'userMapper' of type [com.sun.proxy.$Proxy121] is not eligible for getting processed by all BeanPostProcessors (for example: not eligible for auto-proxying)
2020-12-22 09:33:17.755 febs [main] INFO  o.s.c.s.PostProcessorRegistrationDelegate$BeanPostProcessorChecker - Bean 'userConfigMapper' of type [org.mybatis.spring.mapper.MapperFactoryBean] is not eligible for getting processed by all BeanPostProcessors (for example: not eligible for auto-proxying)
2020-12-22 09:33:17.756 febs [main] INFO  o.s.c.s.PostProcessorRegistrationDelegate$BeanPostProcessorChecker - Bean 'userConfigMapper' of type [com.sun.proxy.$Proxy122] is not eligible for getting processed by all BeanPostProcessors (for example: not eligible for auto-proxying)
2020-12-22 09:33:17.759 febs [main] INFO  o.s.c.s.PostProcessorRegistrationDelegate$BeanPostProcessorChecker - Bean 'userConfigService' of type [cc.mrbird.febs.system.service.impl.UserConfigServiceImpl] is not eligible for getting processed by all BeanPostProcessors (for example: not eligible for auto-proxying)
2020-12-22 09:33:17.775 febs [main] INFO  o.s.c.s.PostProcessorRegistrationDelegate$BeanPostProcessorChecker - Bean 'userService' of type [cc.mrbird.febs.system.service.impl.UserServiceImpl] is not eligible for getting processed by all BeanPostProcessors (for example: not eligible for auto-proxying)
2020-12-22 09:33:17.796 febs [main] INFO  o.s.c.s.PostProcessorRegistrationDelegate$BeanPostProcessorChecker - Bean 'febsProperties' of type [cc.mrbird.febs.common.properties.FebsProperties$$EnhancerBySpringCGLIB$$5f8ac7f7] is not eligible for getting processed by all BeanPostProcessors (for example: not eligible for auto-proxying)
2020-12-22 09:33:17.797 febs [main] INFO  o.s.c.s.PostProcessorRegistrationDelegate$BeanPostProcessorChecker - Bean 'febsConfig' of type [cc.mrbird.febs.common.config.FebsConfig$$EnhancerBySpringCGLIB$$51a5f317] is not eligible for getting processed by all BeanPostProcessors (for example: not eligible for auto-proxying)
2020-12-22 09:33:17.800 febs [main] INFO  o.s.c.s.PostProcessorRegistrationDelegate$BeanPostProcessorChecker - Bean 'org.springframework.boot.autoconfigure.jackson.JacksonAutoConfiguration$JacksonObjectMapperBuilderConfiguration' of type [org.springframework.boot.autoconfigure.jackson.JacksonAutoConfiguration$JacksonObjectMapperBuilderConfiguration$$EnhancerBySpringCGLIB$$2a3ea25] is not eligible for getting processed by all BeanPostProcessors (for example: not eligible for auto-proxying)
2020-12-22 09:33:17.802 febs [main] INFO  o.s.c.s.PostProcessorRegistrationDelegate$BeanPostProcessorChecker - Bean 'org.springframework.boot.autoconfigure.jackson.JacksonAutoConfiguration$Jackson2ObjectMapperBuilderCustomizerConfiguration' of type [org.springframework.boot.autoconfigure.jackson.JacksonAutoConfiguration$Jackson2ObjectMapperBuilderCustomizerConfiguration$$EnhancerBySpringCGLIB$$bdbad014] is not eligible for getting processed by all BeanPostProcessors (for example: not eligible for auto-proxying)
2020-12-22 09:33:17.810 febs [main] INFO  o.s.c.s.PostProcessorRegistrationDelegate$BeanPostProcessorChecker - Bean 'spring.jackson-org.springframework.boot.autoconfigure.jackson.JacksonProperties' of type [org.springframework.boot.autoconfigure.jackson.JacksonProperties] is not eligible for getting processed by all BeanPostProcessors (for example: not eligible for auto-proxying)
2020-12-22 09:33:17.812 febs [main] INFO  o.s.c.s.PostProcessorRegistrationDelegate$BeanPostProcessorChecker - Bean 'standardJacksonObjectMapperBuilderCustomizer' of type [org.springframework.boot.autoconfigure.jackson.JacksonAutoConfiguration$Jackson2ObjectMapperBuilderCustomizerConfiguration$StandardJackson2ObjectMapperBuilderCustomizer] is not eligible for getting processed by all BeanPostProcessors (for example: not eligible for auto-proxying)
2020-12-22 09:33:17.816 febs [main] INFO  o.s.c.s.PostProcessorRegistrationDelegate$BeanPostProcessorChecker - Bean 'org.springframework.boot.autoconfigure.jackson.JacksonAutoConfiguration$ParameterNamesModuleConfiguration' of type [org.springframework.boot.autoconfigure.jackson.JacksonAutoConfiguration$ParameterNamesModuleConfiguration$$EnhancerBySpringCGLIB$$e4864742] is not eligible for getting processed by all BeanPostProcessors (for example: not eligible for auto-proxying)
2020-12-22 09:33:17.819 febs [main] INFO  o.s.c.s.PostProcessorRegistrationDelegate$BeanPostProcessorChecker - Bean 'parameterNamesModule' of type [com.fasterxml.jackson.module.paramnames.ParameterNamesModule] is not eligible for getting processed by all BeanPostProcessors (for example: not eligible for auto-proxying)
2020-12-22 09:33:17.821 febs [main] INFO  o.s.c.s.PostProcessorRegistrationDelegate$BeanPostProcessorChecker - Bean 'org.springframework.boot.autoconfigure.jackson.JacksonAutoConfiguration' of type [org.springframework.boot.autoconfigure.jackson.JacksonAutoConfiguration$$EnhancerBySpringCGLIB$$3262c59b] is not eligible for getting processed by all BeanPostProcessors (for example: not eligible for auto-proxying)
2020-12-22 09:33:17.828 febs [main] INFO  o.s.c.s.PostProcessorRegistrationDelegate$BeanPostProcessorChecker - Bean 'jsonComponentModule' of type [org.springframework.boot.jackson.JsonComponentModule] is not eligible for getting processed by all BeanPostProcessors (for example: not eligible for auto-proxying)
2020-12-22 09:33:17.829 febs [main] INFO  o.s.c.s.PostProcessorRegistrationDelegate$BeanPostProcessorChecker - Bean 'org.springframework.data.web.config.SpringDataJacksonConfiguration' of type [org.springframework.data.web.config.SpringDataJacksonConfiguration] is not eligible for getting processed by all BeanPostProcessors (for example: not eligible for auto-proxying)
2020-12-22 09:33:17.863 febs [main] INFO  o.s.c.s.PostProcessorRegistrationDelegate$BeanPostProcessorChecker - Bean 'jacksonGeoModule' of type [org.springframework.data.geo.GeoModule] is not eligible for getting processed by all BeanPostProcessors (for example: not eligible for auto-proxying)
2020-12-22 09:33:17.866 febs [main] INFO  o.s.c.s.PostProcessorRegistrationDelegate$BeanPostProcessorChecker - Bean 'jacksonObjectMapperBuilder' of type [org.springframework.http.converter.json.Jackson2ObjectMapperBuilder] is not eligible for getting processed by all BeanPostProcessors (for example: not eligible for auto-proxying)
2020-12-22 09:33:17.920 febs [main] INFO  o.s.c.s.PostProcessorRegistrationDelegate$BeanPostProcessorChecker - Bean 'jacksonObjectMapper' of type [com.fasterxml.jackson.databind.ObjectMapper] is not eligible for getting processed by all BeanPostProcessors (for example: not eligible for auto-proxying)
2020-12-22 09:33:17.930 febs [main] INFO  o.s.c.s.PostProcessorRegistrationDelegate$BeanPostProcessorChecker - Bean 'cacheService' of type [cc.mrbird.febs.common.service.impl.CacheServiceImpl] is not eligible for getting processed by all BeanPostProcessors (for example: not eligible for auto-proxying)
2020-12-22 09:33:17.935 febs [main] INFO  o.s.c.s.PostProcessorRegistrationDelegate$BeanPostProcessorChecker - Bean 'userManager' of type [cc.mrbird.febs.system.manager.UserManager] is not eligible for getting processed by all BeanPostProcessors (for example: not eligible for auto-proxying)
2020-12-22 09:33:17.935 febs [main] INFO  o.s.c.s.PostProcessorRegistrationDelegate$BeanPostProcessorChecker - Bean 'shiroRealm' of type [cc.mrbird.febs.common.authentication.ShiroRealm] is not eligible for getting processed by all BeanPostProcessors (for example: not eligible for auto-proxying)
2020-12-22 09:33:17.952 febs [main] INFO  o.s.c.s.PostProcessorRegistrationDelegate$BeanPostProcessorChecker - Bean 'securityManager' of type [org.apache.shiro.web.mgt.DefaultWebSecurityManager] is not eligible for getting processed by all BeanPostProcessors (for example: not eligible for auto-proxying)
2020-12-22 09:33:17.963 febs [main] INFO  o.s.c.s.PostProcessorRegistrationDelegate$BeanPostProcessorChecker - Bean 'authorizationAttributeSourceAdvisor' of type [org.apache.shiro.spring.security.interceptor.AuthorizationAttributeSourceAdvisor] is not eligible for getting processed by all BeanPostProcessors (for example: not eligible for auto-proxying)
2020-12-22 09:33:18.336 febs [main] INFO  o.s.b.w.e.tomcat.TomcatWebServer - Tomcat initialized with port(s): 9527 (http)
2020-12-22 09:33:18.348 febs [main] INFO  o.a.coyote.http11.Http11NioProtocol - Initializing ProtocolHandler ["http-nio-9527"]
2020-12-22 09:33:18.354 febs [main] INFO  o.a.catalina.core.StandardService - Starting service [Tomcat]
2020-12-22 09:33:18.354 febs [main] INFO  o.a.catalina.core.StandardEngine - Starting Servlet engine: [Apache Tomcat/9.0.22]
2020-12-22 09:33:18.449 febs [main] INFO  o.a.c.c.C.[Tomcat].[localhost].[/] - Initializing Spring embedded WebApplicationContext
2020-12-22 09:33:18.450 febs [main] INFO  o.s.web.context.ContextLoader - Root WebApplicationContext: initialization completed in 3794 ms
2020-12-22 09:33:19.124 febs [main] INFO  org.quartz.impl.StdSchedulerFactory - Using default implementation for ThreadExecutor
2020-12-22 09:33:19.133 febs [main] INFO  o.quartz.core.SchedulerSignalerImpl - Initialized Scheduler Signaller of type: class org.quartz.core.SchedulerSignalerImpl
2020-12-22 09:33:19.133 febs [main] INFO  org.quartz.core.QuartzScheduler - Quartz Scheduler v.2.3.1 created.
2020-12-22 09:33:19.166 febs [main] INFO  o.s.s.quartz.LocalDataSourceJobStore - Using db table-based data access locking (synchronization).
2020-12-22 09:33:19.167 febs [main] INFO  o.s.s.quartz.LocalDataSourceJobStore - JobStoreCMT initialized.
2020-12-22 09:33:19.168 febs [main] INFO  org.quartz.core.QuartzScheduler - Scheduler meta-data: Quartz Scheduler (v2.3.1) 'MyScheduler' with instanceId 'DESKTOP-PGNP2U71608600799125'
  Scheduler class: 'org.quartz.core.QuartzScheduler' - running locally.
  NOT STARTED.
  Currently in standby mode.
  Number of jobs executed: 0
  Using thread pool 'org.quartz.simpl.SimpleThreadPool' - with 20 threads.
  Using job-store 'org.springframework.scheduling.quartz.LocalDataSourceJobStore' - which supports persistence. and is clustered.

2020-12-22 09:33:19.168 febs [main] INFO  org.quartz.impl.StdSchedulerFactory - Quartz scheduler 'MyScheduler' initialized from an externally provided properties instance.
2020-12-22 09:33:19.168 febs [main] INFO  org.quartz.impl.StdSchedulerFactory - Quartz scheduler version: 2.3.1
2020-12-22 09:33:19.169 febs [main] INFO  org.quartz.core.QuartzScheduler - JobFactory set to: org.springframework.scheduling.quartz.AdaptableJobFactory@27438750
2020-12-22 09:33:19.263 febs [main] INFO  p6spy - 2020-12-22 09:33:19 | 耗时 39 ms | SQL 语句：
select job_id jobId, bean_name beanName, method_name methodName, params, cron_expression cronExpression, status, remark, create_time createTime from t_job order by job_id;
2020-12-22 09:33:22.060 febs [main] INFO  o.s.b.a.e.web.EndpointLinksResolver - Exposing 2 endpoint(s) beneath base path '/actuator'
2020-12-22 09:33:22.173 febs [main] INFO  o.s.s.c.ThreadPoolTaskExecutor - Initializing ExecutorService 'taskExecutor'
2020-12-22 09:33:22.194 febs [main] INFO  s.d.s.w.PropertySourcedRequestMappingHandlerMapping - Mapped URL path [/v2/api-docs] onto method [public org.springframework.http.ResponseEntity<springfox.documentation.spring.web.json.Json> springfox.documentation.swagger2.web.Swagger2Controller.getDocumentation(java.lang.String,javax.servlet.http.HttpServletRequest)]
2020-12-22 09:33:23.422 febs [main] INFO  o.s.s.c.ThreadPoolTaskScheduler - Initializing ExecutorService 'taskScheduler'
2020-12-22 09:33:23.487 febs [main] INFO  s.d.s.w.p.DocumentationPluginsBootstrapper - Context refreshed
2020-12-22 09:33:23.524 febs [main] INFO  s.d.s.w.p.DocumentationPluginsBootstrapper - Found 1 custom documentation plugin(s)
2020-12-22 09:33:23.557 febs [main] INFO  s.d.s.w.s.ApiListingReferenceScanner - Scanning for api listing references
2020-12-22 09:33:23.692 febs [main] INFO  s.d.s.w.r.o.CachingOperationNameGenerator - Generating unique operation named: exportUsingPOST_1
2020-12-22 09:33:23.702 febs [main] INFO  s.d.s.w.r.o.CachingOperationNameGenerator - Generating unique operation named: exportUsingPOST_2
2020-12-22 09:33:23.703 febs [main] INFO  s.d.s.w.r.o.CachingOperationNameGenerator - Generating unique operation named: updateDictUsingPUT_1
2020-12-22 09:33:23.711 febs [main] INFO  s.d.s.w.r.o.CachingOperationNameGenerator - Generating unique operation named: exportUsingPOST_3
2020-12-22 09:33:23.719 febs [main] INFO  s.d.s.w.r.o.CachingOperationNameGenerator - Generating unique operation named: exportUsingPOST_4
2020-12-22 09:33:23.724 febs [main] INFO  s.d.s.w.r.o.CachingOperationNameGenerator - Generating unique operation named: exportUsingPOST_5
2020-12-22 09:33:23.735 febs [main] INFO  s.d.s.w.r.o.CachingOperationNameGenerator - Generating unique operation named: exportUsingPOST_6
2020-12-22 09:33:23.755 febs [main] INFO  s.d.s.w.r.o.CachingOperationNameGenerator - Generating unique operation named: exportUsingPOST_7
2020-12-22 09:33:23.760 febs [main] INFO  s.d.s.w.r.o.CachingOperationNameGenerator - Generating unique operation named: exportUsingPOST_8
2020-12-22 09:33:23.761 febs [main] INFO  s.d.s.w.r.o.CachingOperationNameGenerator - Generating unique operation named: generateImportTemplateUsingPOST_1
2020-12-22 09:33:23.762 febs [main] INFO  s.d.s.w.r.o.CachingOperationNameGenerator - Generating unique operation named: importExcelsUsingPOST_1
2020-12-22 09:33:23.773 febs [main] INFO  s.d.s.w.r.o.CachingOperationNameGenerator - Generating unique operation named: exportUsingPOST_9
2020-12-22 09:33:23.790 febs [main] INFO  o.s.s.quartz.SchedulerFactoryBean - Will start Quartz Scheduler [MyScheduler] in 1 seconds
2020-12-22 09:33:23.802 febs [main] INFO  o.a.coyote.http11.Http11NioProtocol - Starting ProtocolHandler ["http-nio-9527"]
2020-12-22 09:33:23.833 febs [scheduling-1] INFO  cc.mrbird.febs.common.task.CacheTask - delete expired user
2020-12-22 09:33:23.836 febs [main] INFO  o.s.b.w.e.tomcat.TomcatWebServer - Tomcat started on port(s): 9527 (http) with context path ''
2020-12-22 09:33:23.838 febs [main] INFO  cc.mrbird.febs.FebsApplication - Started FebsApplication in 9.665 seconds (JVM running for 10.757)
2020-12-22 09:33:23.845 febs [main] INFO  c.m.f.common.runner.CacheInitRunner - Redis连接中 ······
2020-12-22 09:33:23.846 febs [main] INFO  c.m.f.common.runner.CacheInitRunner - 缓存初始化 ······
2020-12-22 09:33:23.846 febs [main] INFO  c.m.f.common.runner.CacheInitRunner - 缓存用户数据 ······
2020-12-22 09:33:23.895 febs [main] INFO  p6spy - 2020-12-22 09:33:23 | 耗时 24 ms | SQL 语句：
SELECT USER_ID,description,password,modify_time,email,ssex,mobile,dept_id,avatar,last_login_time,create_time,status,username FROM t_user;
2020-12-22 09:33:23.917 febs [main] INFO  p6spy - 2020-12-22 09:33:23 | 耗时 12 ms | SQL 语句：
SELECT d.dept_id deptId, GROUP_CONCAT(u.user_id) userIds FROM t_user u LEFT JOIN t_dept d ON (u.dept_id = d.dept_id or u.dept_id = d.parent_id ) where u.dept_id != '' GROUP BY deptId;
2020-12-22 09:33:24.026 febs [main] INFO  p6spy - 2020-12-22 09:33:24 | 耗时 48 ms | SQL 语句：
select r.* from t_role r left join t_user_role ur on (r.role_id = ur.role_id) left join t_user u on (u.user_id = ur.user_id) where u.username = 'mrbird';
2020-12-22 09:33:24.063 febs [main] INFO  p6spy - 2020-12-22 09:33:24 | 耗时 28 ms | SQL 语句：
select distinct m.perms from t_role r left join t_user_role ur on (r.role_id = ur.role_id) left join t_user u on (u.user_id = ur.user_id) left join t_role_menu rm on (rm.role_id = r.role_id) left join t_menu m on (m.menu_id = rm.menu_id) where u.username = 'mrbird' and m.perms is not null and m.perms <> '';
2020-12-22 09:33:24.116 febs [main] INFO  p6spy - 2020-12-22 09:33:24 | 耗时 46 ms | SQL 语句：
SELECT USER_ID,layout,color,multi_page,fix_siderbar,fix_header,theme FROM t_user_config WHERE USER_ID='1' ;
2020-12-22 09:33:24.120 febs [main] INFO  p6spy - 2020-12-22 09:33:24 | 耗时 0 ms | SQL 语句：
select r.* from t_role r left join t_user_role ur on (r.role_id = ur.role_id) left join t_user u on (u.user_id = ur.user_id) where u.username = 'scott';
2020-12-22 09:33:24.122 febs [main] INFO  p6spy - 2020-12-22 09:33:24 | 耗时 0 ms | SQL 语句：
select distinct m.perms from t_role r left join t_user_role ur on (r.role_id = ur.role_id) left join t_user u on (u.user_id = ur.user_id) left join t_role_menu rm on (rm.role_id = r.role_id) left join t_menu m on (m.menu_id = rm.menu_id) where u.username = 'scott' and m.perms is not null and m.perms <> '';
2020-12-22 09:33:24.124 febs [main] INFO  p6spy - 2020-12-22 09:33:24 | 耗时 0 ms | SQL 语句：
SELECT USER_ID,layout,color,multi_page,fix_siderbar,fix_header,theme FROM t_user_config WHERE USER_ID='2' ;
2020-12-22 09:33:24.126 febs [main] INFO  p6spy - 2020-12-22 09:33:24 | 耗时 0 ms | SQL 语句：
select r.* from t_role r left join t_user_role ur on (r.role_id = ur.role_id) left join t_user u on (u.user_id = ur.user_id) where u.username = 'jack';
2020-12-22 09:33:24.128 febs [main] INFO  p6spy - 2020-12-22 09:33:24 | 耗时 0 ms | SQL 语句：
select distinct m.perms from t_role r left join t_user_role ur on (r.role_id = ur.role_id) left join t_user u on (u.user_id = ur.user_id) left join t_role_menu rm on (rm.role_id = r.role_id) left join t_menu m on (m.menu_id = rm.menu_id) where u.username = 'jack' and m.perms is not null and m.perms <> '';
2020-12-22 09:33:24.130 febs [main] INFO  p6spy - 2020-12-22 09:33:24 | 耗时 0 ms | SQL 语句：
SELECT USER_ID,layout,color,multi_page,fix_siderbar,fix_header,theme FROM t_user_config WHERE USER_ID='12' ;
2020-12-22 09:33:24.132 febs [main] INFO  p6spy - 2020-12-22 09:33:24 | 耗时 0 ms | SQL 语句：
select r.* from t_role r left join t_user_role ur on (r.role_id = ur.role_id) left join t_user u on (u.user_id = ur.user_id) where u.username = 'xiaoduan';
2020-12-22 09:33:24.134 febs [main] INFO  p6spy - 2020-12-22 09:33:24 | 耗时 0 ms | SQL 语句：
select distinct m.perms from t_role r left join t_user_role ur on (r.role_id = ur.role_id) left join t_user u on (u.user_id = ur.user_id) left join t_role_menu rm on (rm.role_id = r.role_id) left join t_menu m on (m.menu_id = rm.menu_id) where u.username = 'xiaoduan' and m.perms is not null and m.perms <> '';
2020-12-22 09:33:24.136 febs [main] INFO  p6spy - 2020-12-22 09:33:24 | 耗时 0 ms | SQL 语句：
SELECT USER_ID,layout,color,multi_page,fix_siderbar,fix_header,theme FROM t_user_config WHERE USER_ID='13' ;
2020-12-22 09:33:24.140 febs [main] INFO  p6spy - 2020-12-22 09:33:24 | 耗时 0 ms | SQL 语句：
select r.* from t_role r left join t_user_role ur on (r.role_id = ur.role_id) left join t_user u on (u.user_id = ur.user_id) where u.username = 'test';
2020-12-22 09:33:24.143 febs [main] INFO  p6spy - 2020-12-22 09:33:24 | 耗时 0 ms | SQL 语句：
select distinct m.perms from t_role r left join t_user_role ur on (r.role_id = ur.role_id) left join t_user u on (u.user_id = ur.user_id) left join t_role_menu rm on (rm.role_id = r.role_id) left join t_menu m on (m.menu_id = rm.menu_id) where u.username = 'test' and m.perms is not null and m.perms <> '';
2020-12-22 09:33:24.144 febs [main] INFO  p6spy - 2020-12-22 09:33:24 | 耗时 0 ms | SQL 语句：
SELECT USER_ID,layout,color,multi_page,fix_siderbar,fix_header,theme FROM t_user_config WHERE USER_ID='16' ;
2020-12-22 09:33:24.146 febs [main] INFO  p6spy - 2020-12-22 09:33:24 | 耗时 0 ms | SQL 语句：
select r.* from t_role r left join t_user_role ur on (r.role_id = ur.role_id) left join t_user u on (u.user_id = ur.user_id) where u.username = 'ddmtest14';
2020-12-22 09:33:24.148 febs [main] INFO  p6spy - 2020-12-22 09:33:24 | 耗时 0 ms | SQL 语句：
select distinct m.perms from t_role r left join t_user_role ur on (r.role_id = ur.role_id) left join t_user u on (u.user_id = ur.user_id) left join t_role_menu rm on (rm.role_id = r.role_id) left join t_menu m on (m.menu_id = rm.menu_id) where u.username = 'ddmtest14' and m.perms is not null and m.perms <> '';
2020-12-22 09:33:24.149 febs [main] INFO  p6spy - 2020-12-22 09:33:24 | 耗时 0 ms | SQL 语句：
SELECT USER_ID,layout,color,multi_page,fix_siderbar,fix_header,theme FROM t_user_config WHERE USER_ID='33' ;
2020-12-22 09:33:24.151 febs [main] INFO  p6spy - 2020-12-22 09:33:24 | 耗时 0 ms | SQL 语句：
select r.* from t_role r left join t_user_role ur on (r.role_id = ur.role_id) left join t_user u on (u.user_id = ur.user_id) where u.username = 'test1';
2020-12-22 09:33:24.153 febs [main] INFO  p6spy - 2020-12-22 09:33:24 | 耗时 0 ms | SQL 语句：
select distinct m.perms from t_role r left join t_user_role ur on (r.role_id = ur.role_id) left join t_user u on (u.user_id = ur.user_id) left join t_role_menu rm on (rm.role_id = r.role_id) left join t_menu m on (m.menu_id = rm.menu_id) where u.username = 'test1' and m.perms is not null and m.perms <> '';
2020-12-22 09:33:24.154 febs [main] INFO  p6spy - 2020-12-22 09:33:24 | 耗时 0 ms | SQL 语句：
SELECT USER_ID,layout,color,multi_page,fix_siderbar,fix_header,theme FROM t_user_config WHERE USER_ID='34' ;
2020-12-22 09:33:24.156 febs [main] INFO  p6spy - 2020-12-22 09:33:24 | 耗时 0 ms | SQL 语句：
select r.* from t_role r left join t_user_role ur on (r.role_id = ur.role_id) left join t_user u on (u.user_id = ur.user_id) where u.username = 'admin';
2020-12-22 09:33:24.158 febs [main] INFO  p6spy - 2020-12-22 09:33:24 | 耗时 0 ms | SQL 语句：
select distinct m.perms from t_role r left join t_user_role ur on (r.role_id = ur.role_id) left join t_user u on (u.user_id = ur.user_id) left join t_role_menu rm on (rm.role_id = r.role_id) left join t_menu m on (m.menu_id = rm.menu_id) where u.username = 'admin' and m.perms is not null and m.perms <> '';
2020-12-22 09:33:24.163 febs [main] INFO  p6spy - 2020-12-22 09:33:24 | 耗时 0 ms | SQL 语句：
SELECT USER_ID,layout,color,multi_page,fix_siderbar,fix_header,theme FROM t_user_config WHERE USER_ID='35' ;
2020-12-22 09:33:24.165 febs [main] INFO  p6spy - 2020-12-22 09:33:24 | 耗时 0 ms | SQL 语句：
select r.* from t_role r left join t_user_role ur on (r.role_id = ur.role_id) left join t_user u on (u.user_id = ur.user_id) where u.username = 'test33333';
2020-12-22 09:33:24.167 febs [main] INFO  p6spy - 2020-12-22 09:33:24 | 耗时 0 ms | SQL 语句：
select distinct m.perms from t_role r left join t_user_role ur on (r.role_id = ur.role_id) left join t_user u on (u.user_id = ur.user_id) left join t_role_menu rm on (rm.role_id = r.role_id) left join t_menu m on (m.menu_id = rm.menu_id) where u.username = 'test33333' and m.perms is not null and m.perms <> '';
2020-12-22 09:33:24.168 febs [main] INFO  p6spy - 2020-12-22 09:33:24 | 耗时 0 ms | SQL 语句：
SELECT USER_ID,layout,color,multi_page,fix_siderbar,fix_header,theme FROM t_user_config WHERE USER_ID='36' ;
2020-12-22 09:33:24.169 febs [main] INFO  c.m.f.common.runner.StartedUpRunner -  __    ___   _      ___   _     ____ _____  ____ 
2020-12-22 09:33:24.169 febs [main] INFO  c.m.f.common.runner.StartedUpRunner - / /`  / / \ | |\/| | |_) | |   | |_   | |  | |_  
2020-12-22 09:33:24.169 febs [main] INFO  c.m.f.common.runner.StartedUpRunner - \_\_, \_\_/ |_|  | |_|   |_|__ |_|__  |_|  |_|__ 
2020-12-22 09:33:24.169 febs [main] INFO  c.m.f.common.runner.StartedUpRunner -                                                       
2020-12-22 09:33:24.169 febs [main] INFO  c.m.f.common.runner.StartedUpRunner - FEBS 启动完毕，时间：2020-12-22T09:33:24.169
2020-12-22 09:33:24.804 febs [Quartz Scheduler [MyScheduler]] INFO  o.s.s.quartz.SchedulerFactoryBean - Starting Quartz Scheduler now, after delay of 1 seconds
2020-12-22 09:33:24.899 febs [Quartz Scheduler [MyScheduler]] INFO  o.s.s.quartz.LocalDataSourceJobStore - ClusterManager: detected 1 failed or restarted instances.
2020-12-22 09:33:24.899 febs [Quartz Scheduler [MyScheduler]] INFO  o.s.s.quartz.LocalDataSourceJobStore - ClusterManager: Scanning for instance "DESKTOP-PGNP2U71608557393107"'s failed in-progress jobs.
2020-12-22 09:33:24.919 febs [RMI TCP Connection(3)-192.168.133.1] INFO  o.a.c.c.C.[Tomcat].[localhost].[/] - Initializing Spring DispatcherServlet 'dispatcherServlet'
2020-12-22 09:33:24.920 febs [RMI TCP Connection(3)-192.168.133.1] INFO  o.s.web.servlet.DispatcherServlet - Initializing Servlet 'dispatcherServlet'
2020-12-22 09:33:24.930 febs [RMI TCP Connection(3)-192.168.133.1] INFO  o.s.web.servlet.DispatcherServlet - Completed initialization in 10 ms
2020-12-22 09:33:24.962 febs [RMI TCP Connection(4)-192.168.133.1] INFO  p6spy - 2020-12-22 09:33:24 | 耗时 0 ms | SQL 语句：
select 1;
2020-12-22 09:33:25.039 febs [Quartz Scheduler [MyScheduler]] INFO  p6spy - 
2020-12-22 09:33:25.040 febs [Quartz Scheduler [MyScheduler]] INFO  org.quartz.core.QuartzScheduler - Scheduler MyScheduler_$_DESKTOP-PGNP2U71608600799125 started.
2020-12-22 09:33:25.048 febs [QuartzScheduler_MyScheduler-DESKTOP-PGNP2U71608600799125_MisfireHandler] INFO  p6spy - 
2020-12-22 09:33:25.049 febs [MyScheduler_QuartzSchedulerThread] INFO  p6spy - 
2020-12-22 09:33:37.042 febs [QuartzScheduler_MyScheduler-DESKTOP-PGNP2U71608600799125_MisfireHandler] INFO  p6spy - 
2020-12-22 09:33:40.002 febs [QuartzScheduler_MyScheduler-DESKTOP-PGNP2U71608600799125_ClusterManager] INFO  p6spy - 
2020-12-22 09:33:40.002 febs [QuartzScheduler_MyScheduler-DESKTOP-PGNP2U71608600799125_ClusterManager] INFO  p6spy - 
2020-12-22 09:33:49.044 febs [QuartzScheduler_MyScheduler-DESKTOP-PGNP2U71608600799125_MisfireHandler] INFO  p6spy - 
2020-12-22 09:33:54.800 febs [MyScheduler_QuartzSchedulerThread] INFO  p6spy - 
2020-12-22 09:33:55.009 febs [QuartzScheduler_MyScheduler-DESKTOP-PGNP2U71608600799125_ClusterManager] INFO  p6spy - 
2020-12-22 09:33:55.009 febs [QuartzScheduler_MyScheduler-DESKTOP-PGNP2U71608600799125_ClusterManager] INFO  p6spy - 
2020-12-22 09:33:55.085 febs [http-nio-9527-exec-2] INFO  c.m.febs.common.aspect.LimitAspect - IP:127.0.0.1 第 1 次访问key为 [limit_login127.0.0.1]，描述为 [登录接口] 的接口
2020-12-22 09:33:55.264 febs [http-nio-9527-exec-2] INFO  p6spy - 2020-12-22 09:33:55 | 耗时 13 ms | SQL 语句：
UPDATE t_user SET last_login_time='2020-12-22T09:33:55.236+0800' WHERE (username = 'admin');
2020-12-22 09:33:55.267 febs [http-nio-9527-exec-2] INFO  p6spy - 2020-12-22 09:33:55 | 耗时 0 ms | SQL 语句：
SELECT u.user_id userId, u.username, u.password, u.email, u.mobile, u. STATUS, u.create_time createTime, u.ssex, d.dept_id deptId, d.dept_name deptName, u.AVATAR, u.DESCRIPTION, u.LAST_LOGIN_TIME lastLoginTime, GROUP_CONCAT(r.role_id) roleId, GROUP_CONCAT(r.ROLE_NAME) roleName FROM t_user u LEFT JOIN t_dept d ON (u.dept_id = d.dept_id) LEFT JOIN t_user_role ur ON (u.user_id = ur.user_id) LEFT JOIN t_role r ON r.role_id = ur.role_id WHERE u.username = 'admin' group by u.username, u.user_id, u.password, u.email, u.mobile, u.STATUS, u.create_time, u.ssex, d.dept_id, d.dept_name, u.AVATAR, u.DESCRIPTION, u.LAST_LOGIN_TIME;
2020-12-22 09:33:55.363 febs [http-nio-9527-exec-2] INFO  p6spy - 
2020-12-22 09:33:55.421 febs [http-nio-9527-exec-2] INFO  p6spy - 2020-12-22 09:33:55 | 耗时 45 ms | SQL 语句：
INSERT INTO t_login_log ( login_time, ip, location, username ) VALUES ( '2020-12-22T09:33:55.367+0800', '127.0.0.1', '内网IP|0|0|内网IP|内网IP', 'admin' );
2020-12-22 09:33:55.741 febs [http-nio-9527-exec-2] INFO  p6spy - 
2020-12-22 09:33:55.839 febs [http-nio-9527-exec-8] INFO  c.m.f.common.authentication.JWTUtil - token is valid
2020-12-22 09:33:55.839 febs [http-nio-9527-exec-3] INFO  c.m.f.common.authentication.JWTUtil - token is valid
2020-12-22 09:33:55.862 febs [http-nio-9527-exec-3] INFO  p6spy - 2020-12-22 09:33:55 | 耗时 1 ms | SQL 语句：
select m.* from t_menu m where m.type <> 1 and m.MENU_ID in (select distinct rm.menu_id from t_role_menu rm left join t_role r on (rm.role_id = r.role_id) left join t_user_role ur on (ur.role_id = r.role_id) left join t_user u on (u.user_id = ur.user_id) where u.username = 'admin') order by m.order_num;
2020-12-22 09:33:55.883 febs [http-nio-9527-exec-8] INFO  p6spy - 2020-12-22 09:33:55 | 耗时 15 ms | SQL 语句：
SELECT DICT_ID,valuee,field_name,keyy,other_keyy,table_name FROM t_dict;
2020-12-22 09:33:56.141 febs [http-nio-9527-exec-6] INFO  c.m.f.common.authentication.JWTUtil - token is valid
2020-12-22 09:33:56.148 febs [http-nio-9527-exec-6] INFO  p6spy - 2020-12-22 09:33:56 | 耗时 1 ms | SQL 语句：
select count(1) from t_login_log;
2020-12-22 09:33:56.150 febs [http-nio-9527-exec-6] INFO  p6spy - 2020-12-22 09:33:56 | 耗时 0 ms | SQL 语句：
select count(1) from t_login_log where datediff(login_time,now())=0;
2020-12-22 09:33:56.153 febs [http-nio-9527-exec-6] INFO  p6spy - 2020-12-22 09:33:56 | 耗时 0 ms | SQL 语句：
select count(distinct(ip)) from t_login_log where datediff(login_time,now())=0;
2020-12-22 09:33:56.154 febs [http-nio-9527-exec-6] INFO  p6spy - 2020-12-22 09:33:56 | 耗时 0 ms | SQL 语句：
select date_format(l.login_time, '%m-%d') days, count(1) count from ( select * from t_login_log where date_sub(curdate(), interval 7 day) <= date(login_time) ) as l where 1 = 1 group by days;
2020-12-22 09:33:56.157 febs [http-nio-9527-exec-6] INFO  p6spy - 2020-12-22 09:33:56 | 耗时 0 ms | SQL 语句：
select date_format(l.login_time, '%m-%d') days, count(1) count from ( select * from t_login_log where date_sub(curdate(), interval 7 day) <= date(login_time) ) as l where 1 = 1 and l.username = 'admin' group by days;
2020-12-22 09:34:01.044 febs [QuartzScheduler_MyScheduler-DESKTOP-PGNP2U71608600799125_MisfireHandler] INFO  p6spy - 
2020-12-22 09:34:04.017 febs [http-nio-9527-exec-10] INFO  c.m.f.common.authentication.JWTUtil - token is valid
2020-12-22 09:34:04.026 febs [http-nio-9527-exec-10] INFO  p6spy - 2020-12-22 09:34:04 | 耗时 0 ms | SQL 语句：
SELECT MENU_ID,icon,order_num,menu_name,type,parent_id,path,component,modify_time,create_time,perms FROM t_menu;
2020-12-22 09:34:09.957 febs [QuartzScheduler_MyScheduler-DESKTOP-PGNP2U71608600799125_ClusterManager] INFO  p6spy - 
2020-12-22 09:34:09.958 febs [QuartzScheduler_MyScheduler-DESKTOP-PGNP2U71608600799125_ClusterManager] INFO  p6spy - 
2020-12-22 09:34:13.043 febs [QuartzScheduler_MyScheduler-DESKTOP-PGNP2U71608600799125_MisfireHandler] INFO  p6spy - 
2020-12-22 09:34:18.310 febs [MyScheduler_QuartzSchedulerThread] INFO  p6spy - 
2020-12-22 09:34:24.968 febs [QuartzScheduler_MyScheduler-DESKTOP-PGNP2U71608600799125_ClusterManager] INFO  p6spy - 
2020-12-22 09:34:24.971 febs [QuartzScheduler_MyScheduler-DESKTOP-PGNP2U71608600799125_ClusterManager] INFO  p6spy - 
2020-12-22 09:34:25.043 febs [QuartzScheduler_MyScheduler-DESKTOP-PGNP2U71608600799125_MisfireHandler] INFO  p6spy - 
2020-12-22 09:34:37.044 febs [QuartzScheduler_MyScheduler-DESKTOP-PGNP2U71608600799125_MisfireHandler] INFO  p6spy - 
2020-12-22 09:34:39.958 febs [QuartzScheduler_MyScheduler-DESKTOP-PGNP2U71608600799125_ClusterManager] INFO  p6spy - 
2020-12-22 09:34:39.958 febs [QuartzScheduler_MyScheduler-DESKTOP-PGNP2U71608600799125_ClusterManager] INFO  p6spy - 
2020-12-22 09:34:46.722 febs [MyScheduler_QuartzSchedulerThread] INFO  p6spy - 
2020-12-22 09:34:49.044 febs [QuartzScheduler_MyScheduler-DESKTOP-PGNP2U71608600799125_MisfireHandler] INFO  p6spy - 
2020-12-22 09:34:55.057 febs [QuartzScheduler_MyScheduler-DESKTOP-PGNP2U71608600799125_ClusterManager] INFO  p6spy - 
2020-12-22 09:34:55.057 febs [QuartzScheduler_MyScheduler-DESKTOP-PGNP2U71608600799125_ClusterManager] INFO  p6spy - 
2020-12-22 09:35:01.046 febs [QuartzScheduler_MyScheduler-DESKTOP-PGNP2U71608600799125_MisfireHandler] INFO  p6spy - 
2020-12-22 09:35:09.993 febs [QuartzScheduler_MyScheduler-DESKTOP-PGNP2U71608600799125_ClusterManager] INFO  p6spy - 
2020-12-22 09:35:09.994 febs [QuartzScheduler_MyScheduler-DESKTOP-PGNP2U71608600799125_ClusterManager] INFO  p6spy - 
2020-12-22 09:35:13.047 febs [QuartzScheduler_MyScheduler-DESKTOP-PGNP2U71608600799125_MisfireHandler] INFO  p6spy - 
2020-12-22 09:35:14.071 febs [MyScheduler_QuartzSchedulerThread] INFO  p6spy - 
2020-12-22 09:35:24.962 febs [QuartzScheduler_MyScheduler-DESKTOP-PGNP2U71608600799125_ClusterManager] INFO  p6spy - 
2020-12-22 09:35:24.962 febs [QuartzScheduler_MyScheduler-DESKTOP-PGNP2U71608600799125_ClusterManager] INFO  p6spy - 
2020-12-22 09:35:25.047 febs [QuartzScheduler_MyScheduler-DESKTOP-PGNP2U71608600799125_MisfireHandler] INFO  p6spy - 
2020-12-22 09:35:37.050 febs [QuartzScheduler_MyScheduler-DESKTOP-PGNP2U71608600799125_MisfireHandler] INFO  p6spy - 
2020-12-22 09:35:37.453 febs [MyScheduler_QuartzSchedulerThread] INFO  p6spy - 
2020-12-22 09:35:40.037 febs [QuartzScheduler_MyScheduler-DESKTOP-PGNP2U71608600799125_ClusterManager] INFO  p6spy - 
2020-12-22 09:35:40.037 febs [QuartzScheduler_MyScheduler-DESKTOP-PGNP2U71608600799125_ClusterManager] INFO  p6spy - 
2020-12-22 09:35:49.049 febs [QuartzScheduler_MyScheduler-DESKTOP-PGNP2U71608600799125_MisfireHandler] INFO  p6spy - 
2020-12-22 09:35:55.053 febs [QuartzScheduler_MyScheduler-DESKTOP-PGNP2U71608600799125_ClusterManager] INFO  p6spy - 
2020-12-22 09:35:55.053 febs [QuartzScheduler_MyScheduler-DESKTOP-PGNP2U71608600799125_ClusterManager] INFO  p6spy - 
2020-12-22 09:36:01.050 febs [QuartzScheduler_MyScheduler-DESKTOP-PGNP2U71608600799125_MisfireHandler] INFO  p6spy - 
2020-12-22 09:36:03.306 febs [MyScheduler_QuartzSchedulerThread] INFO  p6spy - 
2020-12-22 09:36:10.057 febs [QuartzScheduler_MyScheduler-DESKTOP-PGNP2U71608600799125_ClusterManager] INFO  p6spy - 
2020-12-22 09:36:10.057 febs [QuartzScheduler_MyScheduler-DESKTOP-PGNP2U71608600799125_ClusterManager] INFO  p6spy - 
2020-12-22 09:36:13.051 febs [QuartzScheduler_MyScheduler-DESKTOP-PGNP2U71608600799125_MisfireHandler] INFO  p6spy - 
2020-12-22 09:36:24.946 febs [QuartzScheduler_MyScheduler-DESKTOP-PGNP2U71608600799125_ClusterManager] INFO  p6spy - 
2020-12-22 09:36:24.947 febs [QuartzScheduler_MyScheduler-DESKTOP-PGNP2U71608600799125_ClusterManager] INFO  p6spy - 
2020-12-22 09:36:25.052 febs [QuartzScheduler_MyScheduler-DESKTOP-PGNP2U71608600799125_MisfireHandler] INFO  p6spy - 
2020-12-22 09:36:31.188 febs [MyScheduler_QuartzSchedulerThread] INFO  p6spy - 
2020-12-22 09:36:37.052 febs [QuartzScheduler_MyScheduler-DESKTOP-PGNP2U71608600799125_MisfireHandler] INFO  p6spy - 
2020-12-22 09:36:39.971 febs [QuartzScheduler_MyScheduler-DESKTOP-PGNP2U71608600799125_ClusterManager] INFO  p6spy - 
2020-12-22 09:36:39.971 febs [QuartzScheduler_MyScheduler-DESKTOP-PGNP2U71608600799125_ClusterManager] INFO  p6spy - 
2020-12-22 09:36:49.053 febs [QuartzScheduler_MyScheduler-DESKTOP-PGNP2U71608600799125_MisfireHandler] INFO  p6spy - 
2020-12-22 09:36:55.080 febs [QuartzScheduler_MyScheduler-DESKTOP-PGNP2U71608600799125_ClusterManager] INFO  p6spy - 
2020-12-22 09:36:55.081 febs [QuartzScheduler_MyScheduler-DESKTOP-PGNP2U71608600799125_ClusterManager] INFO  p6spy - 
2020-12-22 09:36:59.062 febs [MyScheduler_QuartzSchedulerThread] INFO  p6spy - 
2020-12-22 09:37:01.054 febs [QuartzScheduler_MyScheduler-DESKTOP-PGNP2U71608600799125_MisfireHandler] INFO  p6spy - 
2020-12-22 09:37:10.073 febs [QuartzScheduler_MyScheduler-DESKTOP-PGNP2U71608600799125_ClusterManager] INFO  p6spy - 
2020-12-22 09:37:10.074 febs [QuartzScheduler_MyScheduler-DESKTOP-PGNP2U71608600799125_ClusterManager] INFO  p6spy - 
2020-12-22 09:37:13.055 febs [QuartzScheduler_MyScheduler-DESKTOP-PGNP2U71608600799125_MisfireHandler] INFO  p6spy - 
2020-12-22 09:37:25.056 febs [QuartzScheduler_MyScheduler-DESKTOP-PGNP2U71608600799125_MisfireHandler] INFO  p6spy - 
2020-12-22 09:37:25.072 febs [QuartzScheduler_MyScheduler-DESKTOP-PGNP2U71608600799125_ClusterManager] INFO  p6spy - 
2020-12-22 09:37:25.072 febs [QuartzScheduler_MyScheduler-DESKTOP-PGNP2U71608600799125_ClusterManager] INFO  p6spy - 
2020-12-22 09:37:28.235 febs [MyScheduler_QuartzSchedulerThread] INFO  p6spy - 
2020-12-22 09:37:37.055 febs [QuartzScheduler_MyScheduler-DESKTOP-PGNP2U71608600799125_MisfireHandler] INFO  p6spy - 
2020-12-22 09:37:40.085 febs [QuartzScheduler_MyScheduler-DESKTOP-PGNP2U71608600799125_ClusterManager] INFO  p6spy - 
2020-12-22 09:37:40.085 febs [QuartzScheduler_MyScheduler-DESKTOP-PGNP2U71608600799125_ClusterManager] INFO  p6spy - 
2020-12-22 09:37:49.057 febs [QuartzScheduler_MyScheduler-DESKTOP-PGNP2U71608600799125_MisfireHandler] INFO  p6spy - 
2020-12-22 09:37:55.064 febs [QuartzScheduler_MyScheduler-DESKTOP-PGNP2U71608600799125_ClusterManager] INFO  p6spy - 
2020-12-22 09:37:55.064 febs [QuartzScheduler_MyScheduler-DESKTOP-PGNP2U71608600799125_ClusterManager] INFO  p6spy - 
2020-12-22 09:37:56.880 febs [MyScheduler_QuartzSchedulerThread] INFO  p6spy - 
2020-12-22 09:38:01.056 febs [QuartzScheduler_MyScheduler-DESKTOP-PGNP2U71608600799125_MisfireHandler] INFO  p6spy - 
2020-12-22 09:38:10.099 febs [QuartzScheduler_MyScheduler-DESKTOP-PGNP2U71608600799125_ClusterManager] INFO  p6spy - 
2020-12-22 09:38:10.099 febs [QuartzScheduler_MyScheduler-DESKTOP-PGNP2U71608600799125_ClusterManager] INFO  p6spy - 
2020-12-22 09:38:13.058 febs [QuartzScheduler_MyScheduler-DESKTOP-PGNP2U71608600799125_MisfireHandler] INFO  p6spy - 
2020-12-22 09:38:25.057 febs [QuartzScheduler_MyScheduler-DESKTOP-PGNP2U71608600799125_MisfireHandler] INFO  p6spy - 
2020-12-22 09:38:25.079 febs [QuartzScheduler_MyScheduler-DESKTOP-PGNP2U71608600799125_ClusterManager] INFO  p6spy - 
2020-12-22 09:38:25.079 febs [QuartzScheduler_MyScheduler-DESKTOP-PGNP2U71608600799125_ClusterManager] INFO  p6spy - 
2020-12-22 09:38:26.775 febs [MyScheduler_QuartzSchedulerThread] INFO  p6spy - 
2020-12-22 09:38:37.058 febs [QuartzScheduler_MyScheduler-DESKTOP-PGNP2U71608600799125_MisfireHandler] INFO  p6spy - 
2020-12-22 09:38:39.989 febs [QuartzScheduler_MyScheduler-DESKTOP-PGNP2U71608600799125_ClusterManager] INFO  p6spy - 
2020-12-22 09:38:39.989 febs [QuartzScheduler_MyScheduler-DESKTOP-PGNP2U71608600799125_ClusterManager] INFO  p6spy - 
2020-12-22 09:38:49.060 febs [QuartzScheduler_MyScheduler-DESKTOP-PGNP2U71608600799125_MisfireHandler] INFO  p6spy - 
2020-12-22 09:38:52.239 febs [MyScheduler_QuartzSchedulerThread] INFO  p6spy - 
2020-12-22 09:38:54.998 febs [QuartzScheduler_MyScheduler-DESKTOP-PGNP2U71608600799125_ClusterManager] INFO  p6spy - 
2020-12-22 09:38:54.998 febs [QuartzScheduler_MyScheduler-DESKTOP-PGNP2U71608600799125_ClusterManager] INFO  p6spy - 
2020-12-22 09:39:01.060 febs [QuartzScheduler_MyScheduler-DESKTOP-PGNP2U71608600799125_MisfireHandler] INFO  p6spy - 
2020-12-22 09:39:09.974 febs [QuartzScheduler_MyScheduler-DESKTOP-PGNP2U71608600799125_ClusterManager] INFO  p6spy - 
2020-12-22 09:39:09.974 febs [QuartzScheduler_MyScheduler-DESKTOP-PGNP2U71608600799125_ClusterManager] INFO  p6spy - 
2020-12-22 09:39:13.059 febs [QuartzScheduler_MyScheduler-DESKTOP-PGNP2U71608600799125_MisfireHandler] INFO  p6spy - 
2020-12-22 09:39:16.909 febs [MyScheduler_QuartzSchedulerThread] INFO  p6spy - 
2020-12-22 09:39:24.992 febs [QuartzScheduler_MyScheduler-DESKTOP-PGNP2U71608600799125_ClusterManager] INFO  p6spy - 
2020-12-22 09:39:24.992 febs [QuartzScheduler_MyScheduler-DESKTOP-PGNP2U71608600799125_ClusterManager] INFO  p6spy - 
2020-12-22 09:39:25.061 febs [QuartzScheduler_MyScheduler-DESKTOP-PGNP2U71608600799125_MisfireHandler] INFO  p6spy - 
2020-12-22 09:39:37.062 febs [QuartzScheduler_MyScheduler-DESKTOP-PGNP2U71608600799125_MisfireHandler] INFO  p6spy - 
2020-12-22 09:39:39.980 febs [QuartzScheduler_MyScheduler-DESKTOP-PGNP2U71608600799125_ClusterManager] INFO  p6spy - 
2020-12-22 09:39:39.981 febs [QuartzScheduler_MyScheduler-DESKTOP-PGNP2U71608600799125_ClusterManager] INFO  p6spy - 
2020-12-22 09:39:46.911 febs [MyScheduler_QuartzSchedulerThread] INFO  p6spy - 
2020-12-22 09:39:49.062 febs [QuartzScheduler_MyScheduler-DESKTOP-PGNP2U71608600799125_MisfireHandler] INFO  p6spy - 
2020-12-22 09:39:55.013 febs [QuartzScheduler_MyScheduler-DESKTOP-PGNP2U71608600799125_ClusterManager] INFO  p6spy - 
2020-12-22 09:39:55.013 febs [QuartzScheduler_MyScheduler-DESKTOP-PGNP2U71608600799125_ClusterManager] INFO  p6spy - 
2020-12-22 09:40:01.062 febs [QuartzScheduler_MyScheduler-DESKTOP-PGNP2U71608600799125_MisfireHandler] INFO  p6spy - 
2020-12-22 09:40:10.077 febs [QuartzScheduler_MyScheduler-DESKTOP-PGNP2U71608600799125_ClusterManager] INFO  p6spy - 
2020-12-22 09:40:10.077 febs [QuartzScheduler_MyScheduler-DESKTOP-PGNP2U71608600799125_ClusterManager] INFO  p6spy - 
2020-12-22 09:40:13.064 febs [QuartzScheduler_MyScheduler-DESKTOP-PGNP2U71608600799125_MisfireHandler] INFO  p6spy - 
2020-12-22 09:40:13.799 febs [MyScheduler_QuartzSchedulerThread] INFO  p6spy - 
2020-12-22 09:40:25.009 febs [QuartzScheduler_MyScheduler-DESKTOP-PGNP2U71608600799125_ClusterManager] INFO  p6spy - 
2020-12-22 09:40:25.009 febs [QuartzScheduler_MyScheduler-DESKTOP-PGNP2U71608600799125_ClusterManager] INFO  p6spy - 
2020-12-22 09:40:25.064 febs [QuartzScheduler_MyScheduler-DESKTOP-PGNP2U71608600799125_MisfireHandler] INFO  p6spy - 
2020-12-22 09:40:37.064 febs [QuartzScheduler_MyScheduler-DESKTOP-PGNP2U71608600799125_MisfireHandler] INFO  p6spy - 
2020-12-22 09:40:40.004 febs [QuartzScheduler_MyScheduler-DESKTOP-PGNP2U71608600799125_ClusterManager] INFO  p6spy - 
2020-12-22 09:40:40.004 febs [QuartzScheduler_MyScheduler-DESKTOP-PGNP2U71608600799125_ClusterManager] INFO  p6spy - 
2020-12-22 09:40:42.709 febs [MyScheduler_QuartzSchedulerThread] INFO  p6spy - 
2020-12-22 09:40:49.064 febs [QuartzScheduler_MyScheduler-DESKTOP-PGNP2U71608600799125_MisfireHandler] INFO  p6spy - 
2020-12-22 09:40:55.123 febs [QuartzScheduler_MyScheduler-DESKTOP-PGNP2U71608600799125_ClusterManager] INFO  p6spy - 
2020-12-22 09:40:55.124 febs [QuartzScheduler_MyScheduler-DESKTOP-PGNP2U71608600799125_ClusterManager] INFO  p6spy - 
2020-12-22 09:41:01.064 febs [QuartzScheduler_MyScheduler-DESKTOP-PGNP2U71608600799125_MisfireHandler] INFO  p6spy - 
2020-12-22 09:41:08.457 febs [MyScheduler_QuartzSchedulerThread] INFO  p6spy - 
2020-12-22 09:41:10.065 febs [QuartzScheduler_MyScheduler-DESKTOP-PGNP2U71608600799125_ClusterManager] INFO  p6spy - 
2020-12-22 09:41:10.065 febs [QuartzScheduler_MyScheduler-DESKTOP-PGNP2U71608600799125_ClusterManager] INFO  p6spy - 
2020-12-22 09:41:13.065 febs [QuartzScheduler_MyScheduler-DESKTOP-PGNP2U71608600799125_MisfireHandler] INFO  p6spy - 
